<?xml version="1.0" encoding="UTF-8"?>
<!-- Generated by org.testng.reporters.JUnitReportReporter -->
<testsuite hostname="NSL-6578" failures="0" tests="2" name="cucumberWithTestNG.Runner.TestRunner" time="7.270" errors="0" timestamp="2022-06-12T15:01:33 IST" skipped="0">
  <testcase classname="cucumberWithTestNG.Runner.TestRunner" name="runScenario" time="7.268"/>
  <system-out/>
  <testcase classname="cucumberWithTestNG.Runner.TestRunner" name="runScenarios" time="0.002"/>
  <system-out/>
</testsuite> <!-- cucumberWithTestNG.Runner.TestRunner -->
